生成启动时间为 2019/7/23 20:49:13。
     1>项目“E:\新建文件夹\2019.04.01.3\2019.04.01.3\2019.04.01.3.vcxproj”在节点 2 上(build 个目标)。
     1>PrepareForBuild:
         正在创建目录“E:\新建文件夹\2019.04.01.3\Debug\”。
       InitializeBuildStatus:
         正在创建“Debug\2019.04.01.3.unsuccessfulbuild”，因为已指定“AlwaysCreate”。
       ClCompile:
         D:\Program Files (x86)\Microsoft Visual Studio 10.0\VC\bin\CL.exe /c /ZI /nologo /W3 /WX- /Od /Oy- /D _MBCS /Gm /EHsc /RTC1 /MDd /GS /fp:precise /Zc:wchar_t /Zc:forScope /Fo"Debug\\" /Fd"Debug\vc100.pdb" /Gd /TP /analyze- /errorReport:prompt "判断1000-2000年间的闰年.cpp"
         判断1000-2000年间的闰年.cpp
       Link:
         D:\Program Files (x86)\Microsoft Visual Studio 10.0\VC\bin\link.exe /ERRORREPORT:PROMPT /OUT:"E:\新建文件夹\2019.04.01.3\Debug\2019.04.01.3.exe" /NOLOGO kernel32.lib user32.lib gdi32.lib winspool.lib comdlg32.lib advapi32.lib shell32.lib ole32.lib oleaut32.lib uuid.lib odbc32.lib odbccp32.lib /MANIFEST /ManifestFile:"Debug\2019.04.01.3.exe.intermediate.manifest" /MANIFESTUAC:"level='asInvoker' uiAccess='false'" /DEBUG /PDB:"E:\新建文件夹\2019.04.01.3\Debug\2019.04.01.3.pdb" /TLBID:1 /DYNAMICBASE /NXCOMPAT /IMPLIB:"E:\新建文件夹\2019.04.01.3\Debug\2019.04.01.3.lib" /MACHINE:X86 "Debug\判断1000-2000年间的闰年.obj"
         2019.04.01.3.vcxproj -> E:\新建文件夹\2019.04.01.3\Debug\2019.04.01.3.exe
       Manifest:
         C:\Program Files (x86)\Microsoft SDKs\Windows\v7.0A\bin\mt.exe /nologo /verbose /outputresource:"E:\新建文件夹\2019.04.01.3\Debug\2019.04.01.3.exe;#1" /manifest Debug\2019.04.01.3.exe.intermediate.manifest
       FinalizeBuildStatus:
         正在删除文件“Debug\2019.04.01.3.unsuccessfulbuild”。
         正在对“Debug\2019.04.01.3.lastbuildstate”执行 Touch 任务。
     1>已完成生成项目“E:\新建文件夹\2019.04.01.3\2019.04.01.3\2019.04.01.3.vcxproj”(build 个目标)的操作。

生成成功。

已用时间 00:00:01.96
