生成启动时间为 2019/7/30 20:22:56。
     1>项目“E:\新建文件夹\交换两个数函数\交换两个数函数\交换两个数函数.vcxproj”在节点 2 上(build 个目标)。
     1>PrepareForBuild:
         正在创建目录“E:\新建文件夹\交换两个数函数\Debug\”。
       InitializeBuildStatus:
         正在创建“Debug\交换两个数函数.unsuccessfulbuild”，因为已指定“AlwaysCreate”。
       ClCompile:
         D:\Program Files (x86)\Microsoft Visual Studio 10.0\VC\bin\CL.exe /c /ZI /nologo /W3 /WX- /Od /Oy- /D _UNICODE /D UNICODE /Gm /EHsc /RTC1 /MDd /GS /fp:precise /Zc:wchar_t /Zc:forScope /Fo"Debug\\" /Fd"Debug\vc100.pdb" /Gd /TP /analyze- /errorReport:prompt "交换两个数函数.cpp"
         交换两个数函数.cpp
       Link:
         D:\Program Files (x86)\Microsoft Visual Studio 10.0\VC\bin\link.exe /ERRORREPORT:PROMPT /OUT:"E:\新建文件夹\交换两个数函数\Debug\交换两个数函数.exe" /NOLOGO kernel32.lib user32.lib gdi32.lib winspool.lib comdlg32.lib advapi32.lib shell32.lib ole32.lib oleaut32.lib uuid.lib odbc32.lib odbccp32.lib /MANIFEST /ManifestFile:"Debug\交换两个数函数.exe.intermediate.manifest" /MANIFESTUAC:"level='asInvoker' uiAccess='false'" /DEBUG /PDB:"E:\新建文件夹\交换两个数函数\Debug\交换两个数函数.pdb" /TLBID:1 /DYNAMICBASE /NXCOMPAT /IMPLIB:"E:\新建文件夹\交换两个数函数\Debug\交换两个数函数.lib" /MACHINE:X86 "Debug\交换两个数函数.obj"
         交换两个数函数.vcxproj -> E:\新建文件夹\交换两个数函数\Debug\交换两个数函数.exe
       Manifest:
         C:\Program Files (x86)\Microsoft SDKs\Windows\v7.0A\bin\mt.exe /nologo /verbose /outputresource:"E:\新建文件夹\交换两个数函数\Debug\交换两个数函数.exe;#1" /manifest "Debug\交换两个数函数.exe.intermediate.manifest"
       FinalizeBuildStatus:
         正在删除文件“Debug\交换两个数函数.unsuccessfulbuild”。
         正在对“Debug\交换两个数函数.lastbuildstate”执行 Touch 任务。
     1>已完成生成项目“E:\新建文件夹\交换两个数函数\交换两个数函数\交换两个数函数.vcxproj”(build 个目标)的操作。

生成成功。

已用时间 00:00:01.23
